<?xml version="1.0" encoding="UTF-8"?>
<testng-results skipped="0" failed="0" total="1" passed="1">
  <reporter-output>
  </reporter-output>
  <suite name="Default suite" duration-ms="30080" started-at="2019-06-04T05:49:18Z" finished-at="2019-06-04T05:49:48Z">
    <groups>
    </groups>
    <test name="Default test" duration-ms="30080" started-at="2019-06-04T05:49:18Z" finished-at="2019-06-04T05:49:48Z">
      <class name="com.hcm.testscripts.Emp_Registration">
        <test-method status="PASS" signature="empRegistration()[pri:0, instance:com.hcm.testscripts.Emp_Registration@3a03464]" name="empRegistration" duration-ms="30060" started-at="2019-06-04T11:19:18Z" finished-at="2019-06-04T11:19:48Z">
          <reporter-output>
          </reporter-output>
        </test-method> <!-- empRegistration -->
      </class> <!-- com.hcm.testscripts.Emp_Registration -->
    </test> <!-- Default test -->
  </suite> <!-- Default suite -->
</testng-results>
